<?xml version="1.0" encoding="utf-8"?><testsuites><testsuite errors="0" failures="0" hostname="e86d0fe5cfa4" name="pytest" skipped="0" tests="29" time="1.518" timestamp="2021-10-27T23:06:58.166830"><testcase classname="module_utils.test_netapp" file="module_utils/test_netapp.py" line="103" name="test_get_data" time="0.008"><system-out>get: {&apos;records&apos;: [&apos;data1&apos;, &apos;data2&apos;]}
</system-out></testcase><testcase classname="module_utils.test_netapp" file="module_utils/test_netapp.py" line="90" name="test_empty_get" time="0.009"></testcase><testcase classname="module_utils.test_netapp" file="module_utils/test_netapp.py" line="125" name="test_has_feature_success_default_1" time="0.005"></testcase><testcase classname="module_utils.test_netapp" file="module_utils/test_netapp.py" line="117" name="test_has_feature_success_default_0" time="0.005"></testcase><testcase classname="module_utils.test_netapp" file="module_utils/test_netapp.py" line="133" name="test_has_feature_success_user_true" time="0.005"></testcase><testcase classname="module_utils.test_netapp" file="module_utils/test_netapp.py" line="142" name="test_has_feature_success_user_false" time="0.006"><system-out>{&apos;secret_key&apos;: &apos;secret_key!&apos;, &apos;api_key&apos;: &apos;api_key&apos;, &apos;api_url&apos;: &apos;api_url&apos;, &apos;feature_flags&apos;: {&apos;user_deprecation_warning&apos;: False}}
</system-out></testcase><testcase classname="module_utils.test_netapp" file="module_utils/test_netapp.py" line="164" name="test_empty_get_sent" time="0.006"></testcase><testcase classname="module_utils.test_netapp" file="module_utils/test_netapp.py" line="152" name="test_has_feature_invalid_key" time="0.007"></testcase><testcase classname="module_utils.test_netapp" file="module_utils/test_netapp.py" line="175" name="test_empty_get_sent_bad_json" time="0.006"><system-out>errors: [&apos;Other error: Expecting json, got: anything&apos;]
debug: [(&apos;sending&apos;, &quot;{&apos;url&apos;: &apos;https://api_url/v1/api&apos;, &apos;verify&apos;: True, &apos;headers&apos;: {&apos;Content-type&apos;: &apos;application/json&apos;, &apos;secret-key&apos;: &apos;************&apos;, &apos;api-key&apos;: &apos;************&apos;, &apos;Cache-Control&apos;: &apos;no-cache&apos;}, &apos;json&apos;: None, &apos;params&apos;: None, &apos;timeout&apos;: 60, &apos;method&apos;: &apos;GET&apos;}&quot;), (200, &apos;Other error: Expecting json, got: anything&apos;), (200, &apos;anything&apos;)]
</system-out></testcase><testcase classname="modules.test_aws_netapp_cvs_active_directory.TestMyModule" file="modules/test_aws_netapp_cvs_active_directory.py" line="88" name="test_module_fail_when_required_args_missing" time="0.006"><system-out>Info: missing required arguments: region
</system-out></testcase><testcase classname="module_utils.test_netapp" file="module_utils/test_netapp.py" line="187" name="test_empty_get_sent_bad_but_empty_json" time="0.006"></testcase><testcase classname="modules.test_aws_netapp_cvs_active_directory.TestMyModule" file="modules/test_aws_netapp_cvs_active_directory.py" line="95" name="test_module_fail_when_required_args_present" time="0.006"></testcase><testcase classname="modules.test_aws_netapp_cvs_active_directory.TestMyModule" file="modules/test_aws_netapp_cvs_active_directory.py" line="103" name="test_create_aws_netapp_cvs_activedir" time="0.009"><system-out>Info: test_create_aws_netapp_cvs_active_directory: AnsibleExitJson({&apos;changed&apos;: True},)
</system-out></testcase><testcase classname="modules.test_aws_netapp_cvs_filesystems.TestMyModule" file="modules/test_aws_netapp_cvs_filesystems.py" line="124" name="test_create_aws_netapp_cvs_snapshots_pass" time="0.009"><system-out>Info: test_create_aws_netapp_cvs_filesystem_pass: {&apos;msg&apos;: &apos;FileSystem Created&apos;, &apos;changed&apos;: True}
</system-out></testcase><testcase classname="modules.test_aws_netapp_cvs_filesystems.TestMyModule" file="modules/test_aws_netapp_cvs_filesystems.py" line="139" name="test_delete_aws_netapp_cvs_snapshots_pass" time="0.010"><system-out>Info: test_create_aws_netapp_cvs_filesyste_pass: {&apos;msg&apos;: &apos;FileSystem Deleted&apos;, &apos;changed&apos;: True}
</system-out></testcase><testcase classname="modules.test_aws_netapp_cvs_filesystems.TestMyModule" file="modules/test_aws_netapp_cvs_filesystems.py" line="115" name="test_module_fail_when_required_args_present" time="0.011"><system-out>Info: test_module_fail_when_required_args_present: Induced arguments check
</system-out></testcase><testcase classname="modules.test_aws_netapp_cvs_filesystems.TestMyModule" file="modules/test_aws_netapp_cvs_filesystems.py" line="108" name="test_module_fail_when_required_args_missing" time="0.007"><system-out>Info: test_module_fail_when_required_args_missing: missing required arguments: state
</system-out></testcase><testcase classname="modules.test_aws_netapp_cvs_pool.TestMyModule" file="modules/test_aws_netapp_cvs_pool.py" line="196" name="test_create_aws_netapp_cvs_pool_fail" time="0.009"><system-out>Info: test_create_aws_netapp_cvs_pool_fail: AnsibleFailJson({&apos;msg&apos;: &apos;Error&apos;, &apos;failed&apos;: True, &apos;changed&apos;: False},)
</system-out></testcase><testcase classname="modules.test_aws_netapp_cvs_pool.TestMyModule" file="modules/test_aws_netapp_cvs_pool.py" line="184" name="test_create_aws_netapp_cvs_pool_pass" time="0.009"><system-out>Info: test_create_aws_netapp_cvs_pool_pass: AnsibleExitJson({&apos;changed&apos;: True},)
</system-out></testcase><testcase classname="modules.test_aws_netapp_cvs_pool.TestMyModule" file="modules/test_aws_netapp_cvs_pool.py" line="238" name="test_delete_aws_netapp_cvs_pool_fail" time="0.009"><system-out>Info: test_delete_aws_netapp_cvs_pool_fail: AnsibleFailJson({&apos;msg&apos;: &apos;Error&apos;, &apos;failed&apos;: True, &apos;changed&apos;: False},)
</system-out></testcase><testcase classname="modules.test_aws_netapp_cvs_pool.TestMyModule" file="modules/test_aws_netapp_cvs_pool.py" line="217" name="test_delete_aws_netapp_cvs_pool_pass" time="0.010"><system-out>Info: test_delete_aws_netapp_cvs_pool_pass: AnsibleExitJson({&apos;changed&apos;: True},)
</system-out></testcase><testcase classname="modules.test_aws_netapp_cvs_pool.TestMyModule" file="modules/test_aws_netapp_cvs_pool.py" line="126" name="test_module_fail_when_required_args_missing" time="0.006"><system-out>Info: test_module_fail_when_required_args_missing: missing required arguments: state
</system-out></testcase><testcase classname="modules.test_aws_netapp_cvs_pool.TestMyModule" file="modules/test_aws_netapp_cvs_pool.py" line="133" name="test_module_pass_when_required_args_present" time="0.007"><system-out>Info: test_module_pass_when_required_args_present: Induced arguments check
</system-out></testcase><testcase classname="modules.test_aws_netapp_cvs_pool.TestMyModule" file="modules/test_aws_netapp_cvs_pool.py" line="163" name="test_update_aws_netapp_cvs_pool_fail" time="0.009"><system-out>Info: test_update_aws_netapp_cvs_pool_fail: AnsibleFailJson({&apos;msg&apos;: &apos;Error&apos;, &apos;failed&apos;: True, &apos;changed&apos;: False},)
</system-out></testcase><testcase classname="modules.test_aws_netapp_cvs_pool.TestMyModule" file="modules/test_aws_netapp_cvs_pool.py" line="142" name="test_update_aws_netapp_cvs_pool_pass" time="0.009"><system-out>Info: test_update_aws_netapp_cvs_pool_pass: AnsibleExitJson({&apos;changed&apos;: True},)
</system-out></testcase><testcase classname="modules.test_aws_netapp_cvs_snapshots.TestMyModule" file="modules/test_aws_netapp_cvs_snapshots.py" line="122" name="test_create_aws_netapp_cvs_snapshots_pass" time="0.009"><system-out>Info: test_create_aws_netapp_cvs_snapshots_pass: {&apos;msg&apos;: &apos;Snapshot Created&apos;, &apos;changed&apos;: True}
</system-out></testcase><testcase classname="modules.test_aws_netapp_cvs_snapshots.TestMyModule" file="modules/test_aws_netapp_cvs_snapshots.py" line="136" name="test_delete_aws_netapp_cvs_snapshots_pass" time="0.009"><system-out>Info: test_create_aws_netapp_cvs_snapshots_pass: {&apos;msg&apos;: &apos;Snapshot Deleted&apos;, &apos;changed&apos;: True}
</system-out></testcase><testcase classname="modules.test_aws_netapp_cvs_snapshots.TestMyModule" file="modules/test_aws_netapp_cvs_snapshots.py" line="106" name="test_module_fail_when_required_args_missing" time="0.006"><system-out>Info: test_module_fail_when_required_args_missing: missing required arguments: state
</system-out></testcase><testcase classname="modules.test_aws_netapp_cvs_snapshots.TestMyModule" file="modules/test_aws_netapp_cvs_snapshots.py" line="113" name="test_module_fail_when_required_args_present" time="0.008"><system-out>Info: test_module_fail_when_required_args_present: Induced arguments check
</system-out></testcase></testsuite></testsuites>