<?xml version="1.0" encoding="utf-8"?><testsuites><testsuite name="pytest" errors="0" failures="0" skipped="0" tests="29" time="5.770" timestamp="2022-08-01T23:12:24.186468" hostname="6797dc9d9a51"><testcase classname="module_utils.test_netapp" name="test_get_data" file="module_utils/test_netapp.py" line="103" time="0.024" /><testcase classname="module_utils.test_netapp" name="test_empty_get" file="module_utils/test_netapp.py" line="90" time="0.019" /><testcase classname="module_utils.test_netapp" name="test_has_feature_success_default_0" file="module_utils/test_netapp.py" line="117" time="0.037" /><testcase classname="module_utils.test_netapp" name="test_has_feature_success_default_1" file="module_utils/test_netapp.py" line="125" time="0.031" /><testcase classname="module_utils.test_netapp" name="test_has_feature_success_user_false" file="module_utils/test_netapp.py" line="142" time="0.029" /><testcase classname="module_utils.test_netapp" name="test_has_feature_success_user_true" file="module_utils/test_netapp.py" line="133" time="0.017" /><testcase classname="module_utils.test_netapp" name="test_empty_get_sent" file="module_utils/test_netapp.py" line="164" time="0.054" /><testcase classname="module_utils.test_netapp" name="test_has_feature_invalid_key" file="module_utils/test_netapp.py" line="152" time="0.030" /><testcase classname="module_utils.test_netapp" name="test_empty_get_sent_bad_json" file="module_utils/test_netapp.py" line="175" time="0.044" /><testcase classname="modules.test_aws_netapp_cvs_active_directory.TestMyModule" name="test_module_fail_when_required_args_missing" file="modules/test_aws_netapp_cvs_active_directory.py" line="88" time="0.038" /><testcase classname="module_utils.test_netapp" name="test_empty_get_sent_bad_but_empty_json" file="module_utils/test_netapp.py" line="187" time="0.035" /><testcase classname="modules.test_aws_netapp_cvs_active_directory.TestMyModule" name="test_module_fail_when_required_args_present" file="modules/test_aws_netapp_cvs_active_directory.py" line="95" time="0.036" /><testcase classname="modules.test_aws_netapp_cvs_active_directory.TestMyModule" name="test_create_aws_netapp_cvs_activedir" file="modules/test_aws_netapp_cvs_active_directory.py" line="103" time="0.045" /><testcase classname="modules.test_aws_netapp_cvs_filesystems.TestMyModule" name="test_create_aws_netapp_cvs_snapshots_pass" file="modules/test_aws_netapp_cvs_filesystems.py" line="124" time="0.084" /><testcase classname="modules.test_aws_netapp_cvs_filesystems.TestMyModule" name="test_delete_aws_netapp_cvs_snapshots_pass" file="modules/test_aws_netapp_cvs_filesystems.py" line="139" time="0.057" /><testcase classname="modules.test_aws_netapp_cvs_filesystems.TestMyModule" name="test_module_fail_when_required_args_present" file="modules/test_aws_netapp_cvs_filesystems.py" line="115" time="0.064" /><testcase classname="modules.test_aws_netapp_cvs_filesystems.TestMyModule" name="test_module_fail_when_required_args_missing" file="modules/test_aws_netapp_cvs_filesystems.py" line="108" time="0.036" /><testcase classname="modules.test_aws_netapp_cvs_pool.TestMyModule" name="test_create_aws_netapp_cvs_pool_fail" file="modules/test_aws_netapp_cvs_pool.py" line="196" time="0.026" /><testcase classname="modules.test_aws_netapp_cvs_pool.TestMyModule" name="test_create_aws_netapp_cvs_pool_pass" file="modules/test_aws_netapp_cvs_pool.py" line="184" time="0.064" /><testcase classname="modules.test_aws_netapp_cvs_pool.TestMyModule" name="test_delete_aws_netapp_cvs_pool_fail" file="modules/test_aws_netapp_cvs_pool.py" line="238" time="0.054" /><testcase classname="modules.test_aws_netapp_cvs_pool.TestMyModule" name="test_delete_aws_netapp_cvs_pool_pass" file="modules/test_aws_netapp_cvs_pool.py" line="217" time="0.057" /><testcase classname="modules.test_aws_netapp_cvs_pool.TestMyModule" name="test_module_fail_when_required_args_missing" file="modules/test_aws_netapp_cvs_pool.py" line="126" time="0.033" /><testcase classname="modules.test_aws_netapp_cvs_pool.TestMyModule" name="test_module_pass_when_required_args_present" file="modules/test_aws_netapp_cvs_pool.py" line="133" time="0.037" /><testcase classname="modules.test_aws_netapp_cvs_pool.TestMyModule" name="test_update_aws_netapp_cvs_pool_fail" file="modules/test_aws_netapp_cvs_pool.py" line="163" time="0.083" /><testcase classname="modules.test_aws_netapp_cvs_pool.TestMyModule" name="test_update_aws_netapp_cvs_pool_pass" file="modules/test_aws_netapp_cvs_pool.py" line="142" time="0.068" /><testcase classname="modules.test_aws_netapp_cvs_snapshots.TestMyModule" name="test_create_aws_netapp_cvs_snapshots_pass" file="modules/test_aws_netapp_cvs_snapshots.py" line="122" time="0.052" /><testcase classname="modules.test_aws_netapp_cvs_snapshots.TestMyModule" name="test_delete_aws_netapp_cvs_snapshots_pass" file="modules/test_aws_netapp_cvs_snapshots.py" line="136" time="0.054" /><testcase classname="modules.test_aws_netapp_cvs_snapshots.TestMyModule" name="test_module_fail_when_required_args_missing" file="modules/test_aws_netapp_cvs_snapshots.py" line="106" time="0.027" /><testcase classname="modules.test_aws_netapp_cvs_snapshots.TestMyModule" name="test_module_fail_when_required_args_present" file="modules/test_aws_netapp_cvs_snapshots.py" line="113" time="0.017" /></testsuite></testsuites>