<?xml version="1.0" encoding="utf-8"?><testsuite errors="0" failures="0" name="pytest" skips="19" tests="29" time="5.172"><testcase classname="module_utils.test_netapp" file="module_utils/test_netapp.py" line="103" name="test_get_data" time="0.0284459590912"><system-out>get: {&apos;records&apos;: [&apos;data1&apos;, &apos;data2&apos;]}
</system-out></testcase><testcase classname="module_utils.test_netapp" file="module_utils/test_netapp.py" line="90" name="test_empty_get" time="0.0185379981995"></testcase><testcase classname="module_utils.test_netapp" file="module_utils/test_netapp.py" line="125" name="test_has_feature_success_default_1" time="0.0288453102112"></testcase><testcase classname="module_utils.test_netapp" file="module_utils/test_netapp.py" line="117" name="test_has_feature_success_default_0" time="0.0349190235138"></testcase><testcase classname="module_utils.test_netapp" file="module_utils/test_netapp.py" line="142" name="test_has_feature_success_user_false" time="0.00780391693115"><system-out>{&apos;secret_key&apos;: &apos;secret_key!&apos;, &apos;api_key&apos;: &apos;api_key&apos;, &apos;api_url&apos;: &apos;api_url&apos;, &apos;feature_flags&apos;: {&apos;user_deprecation_warning&apos;: False}}
</system-out></testcase><testcase classname="module_utils.test_netapp" file="module_utils/test_netapp.py" line="133" name="test_has_feature_success_user_true" time="0.0361979007721"></testcase><testcase classname="module_utils.test_netapp" file="module_utils/test_netapp.py" line="164" name="test_empty_get_sent" time="0.036306142807"></testcase><testcase classname="module_utils.test_netapp" file="module_utils/test_netapp.py" line="152" name="test_has_feature_invalid_key" time="0.0198953151703"></testcase><testcase classname="module_utils.test_netapp" file="module_utils/test_netapp.py" line="175" name="test_empty_get_sent_bad_json" time="0.0389819145203"><system-out>errors: [&apos;Other error: Expecting json, got: anything&apos;]
debug: [(&apos;sending&apos;, &quot;{&apos;url&apos;: &apos;https://api_url/v1/api&apos;, &apos;verify&apos;: True, &apos;headers&apos;: {&apos;Content-type&apos;: &apos;application/json&apos;, &apos;secret-key&apos;: &apos;************&apos;, &apos;api-key&apos;: &apos;************&apos;, &apos;Cache-Control&apos;: &apos;no-cache&apos;}, &apos;json&apos;: None, &apos;params&apos;: None, &apos;timeout&apos;: 60, &apos;method&apos;: &apos;GET&apos;}&quot;), (200, &apos;Other error: Expecting json, got: anything&apos;), (200, &apos;anything&apos;)]
</system-out><system-err>No handlers could be found for logger &quot;ansible_collections.netapp.aws.plugins.module_utils.netapp&quot;
</system-err></testcase><testcase classname="modules.test_aws_netapp_cvs_active_directory.TestMyModule" file="modules/test_aws_netapp_cvs_active_directory.py" line="95" name="test_module_fail_when_required_args_present" time="0.0147500038147"><skipped message="Skipping Unit Tests on 2.6 as unittest2 may not be available" type="pytest.skip">modules/test_aws_netapp_cvs_active_directory.py:95: &lt;py._xmlgen.raw object at 0x55d5b499b950&gt;</skipped></testcase><testcase classname="modules.test_aws_netapp_cvs_active_directory.TestMyModule" file="modules/test_aws_netapp_cvs_active_directory.py" line="103" name="test_create_aws_netapp_cvs_activedir" time="0.00249910354614"><skipped message="Skipping Unit Tests on 2.6 as unittest2 may not be available" type="pytest.skip">modules/test_aws_netapp_cvs_active_directory.py:103: &lt;py._xmlgen.raw object at 0x55d5b499bcd0&gt;</skipped></testcase><testcase classname="module_utils.test_netapp" file="module_utils/test_netapp.py" line="187" name="test_empty_get_sent_bad_but_empty_json" time="0.0378170013428"></testcase><testcase classname="modules.test_aws_netapp_cvs_active_directory.TestMyModule" file="modules/test_aws_netapp_cvs_active_directory.py" line="88" name="test_module_fail_when_required_args_missing" time="0.00583386421204"><skipped message="Skipping Unit Tests on 2.6 as unittest2 may not be available" type="pytest.skip">modules/test_aws_netapp_cvs_active_directory.py:88: &lt;py._xmlgen.raw object at 0x55d5b49a6050&gt;</skipped></testcase><testcase classname="modules.test_aws_netapp_cvs_filesystems.TestMyModule" file="modules/test_aws_netapp_cvs_filesystems.py" line="108" name="test_module_fail_when_required_args_missing" time="0.022754907608"><skipped message="Skipping Unit Tests on 2.6 as unittest2 may not be available" type="pytest.skip">modules/test_aws_netapp_cvs_filesystems.py:108: &lt;py._xmlgen.raw object at 0x55d5b49a6250&gt;</skipped></testcase><testcase classname="modules.test_aws_netapp_cvs_filesystems.TestMyModule" file="modules/test_aws_netapp_cvs_filesystems.py" line="139" name="test_delete_aws_netapp_cvs_snapshots_pass" time="0.00250196456909"><skipped message="Skipping Unit Tests on 2.6 as unittest2 may not be available" type="pytest.skip">modules/test_aws_netapp_cvs_filesystems.py:139: &lt;py._xmlgen.raw object at 0x55d5b49a6490&gt;</skipped></testcase><testcase classname="modules.test_aws_netapp_cvs_filesystems.TestMyModule" file="modules/test_aws_netapp_cvs_filesystems.py" line="115" name="test_module_fail_when_required_args_present" time="0.0107409954071"><skipped message="Skipping Unit Tests on 2.6 as unittest2 may not be available" type="pytest.skip">modules/test_aws_netapp_cvs_filesystems.py:115: &lt;py._xmlgen.raw object at 0x55d5b499bc90&gt;</skipped></testcase><testcase classname="modules.test_aws_netapp_cvs_pool.TestMyModule" file="modules/test_aws_netapp_cvs_pool.py" line="126" name="test_module_fail_when_required_args_missing" time="0.00250601768494"><skipped message="Skipping Unit Tests on 2.6 as unittest2 may not be available" type="pytest.skip">modules/test_aws_netapp_cvs_pool.py:126: &lt;py._xmlgen.raw object at 0x55d5b499b990&gt;</skipped></testcase><testcase classname="modules.test_aws_netapp_cvs_filesystems.TestMyModule" file="modules/test_aws_netapp_cvs_filesystems.py" line="124" name="test_create_aws_netapp_cvs_snapshots_pass" time="0.0105967521667"><skipped message="Skipping Unit Tests on 2.6 as unittest2 may not be available" type="pytest.skip">modules/test_aws_netapp_cvs_filesystems.py:124: &lt;py._xmlgen.raw object at 0x55d5b499b210&gt;</skipped></testcase><testcase classname="modules.test_aws_netapp_cvs_pool.TestMyModule" file="modules/test_aws_netapp_cvs_pool.py" line="133" name="test_module_pass_when_required_args_present" time="0.0116608142853"><skipped message="Skipping Unit Tests on 2.6 as unittest2 may not be available" type="pytest.skip">modules/test_aws_netapp_cvs_pool.py:133: &lt;py._xmlgen.raw object at 0x55d5b4c31c10&gt;</skipped></testcase><testcase classname="modules.test_aws_netapp_cvs_pool.TestMyModule" file="modules/test_aws_netapp_cvs_pool.py" line="142" name="test_update_aws_netapp_cvs_pool_pass" time="0.00264716148376"><skipped message="Skipping Unit Tests on 2.6 as unittest2 may not be available" type="pytest.skip">modules/test_aws_netapp_cvs_pool.py:142: &lt;py._xmlgen.raw object at 0x55d5b49a61d0&gt;</skipped></testcase><testcase classname="modules.test_aws_netapp_cvs_pool.TestMyModule" file="modules/test_aws_netapp_cvs_pool.py" line="163" name="test_update_aws_netapp_cvs_pool_fail" time="0.00759601593018"><skipped message="Skipping Unit Tests on 2.6 as unittest2 may not be available" type="pytest.skip">modules/test_aws_netapp_cvs_pool.py:163: &lt;py._xmlgen.raw object at 0x55d5b49a6050&gt;</skipped></testcase><testcase classname="modules.test_aws_netapp_cvs_pool.TestMyModule" file="modules/test_aws_netapp_cvs_pool.py" line="184" name="test_create_aws_netapp_cvs_pool_pass" time="0.0112388134003"><skipped message="Skipping Unit Tests on 2.6 as unittest2 may not be available" type="pytest.skip">modules/test_aws_netapp_cvs_pool.py:184: &lt;py._xmlgen.raw object at 0x55d5b49a6910&gt;</skipped></testcase><testcase classname="modules.test_aws_netapp_cvs_pool.TestMyModule" file="modules/test_aws_netapp_cvs_pool.py" line="196" name="test_create_aws_netapp_cvs_pool_fail" time="0.0176870822906"><skipped message="Skipping Unit Tests on 2.6 as unittest2 may not be available" type="pytest.skip">modules/test_aws_netapp_cvs_pool.py:196: &lt;py._xmlgen.raw object at 0x55d5b49a6b50&gt;</skipped></testcase><testcase classname="modules.test_aws_netapp_cvs_pool.TestMyModule" file="modules/test_aws_netapp_cvs_pool.py" line="217" name="test_delete_aws_netapp_cvs_pool_pass" time="0.00269317626953"><skipped message="Skipping Unit Tests on 2.6 as unittest2 may not be available" type="pytest.skip">modules/test_aws_netapp_cvs_pool.py:217: &lt;py._xmlgen.raw object at 0x55d5b49a6d90&gt;</skipped></testcase><testcase classname="modules.test_aws_netapp_cvs_pool.TestMyModule" file="modules/test_aws_netapp_cvs_pool.py" line="238" name="test_delete_aws_netapp_cvs_pool_fail" time="0.00272583961487"><skipped message="Skipping Unit Tests on 2.6 as unittest2 may not be available" type="pytest.skip">modules/test_aws_netapp_cvs_pool.py:238: &lt;py._xmlgen.raw object at 0x55d5b49b1090&gt;</skipped></testcase><testcase classname="modules.test_aws_netapp_cvs_snapshots.TestMyModule" file="modules/test_aws_netapp_cvs_snapshots.py" line="106" name="test_module_fail_when_required_args_missing" time="0.00263905525208"><skipped message="Skipping Unit Tests on 2.6 as unittest2 may not be available" type="pytest.skip">modules/test_aws_netapp_cvs_snapshots.py:106: &lt;py._xmlgen.raw object at 0x55d5b49b1250&gt;</skipped></testcase><testcase classname="modules.test_aws_netapp_cvs_snapshots.TestMyModule" file="modules/test_aws_netapp_cvs_snapshots.py" line="113" name="test_module_fail_when_required_args_present" time="0.00581192970276"><skipped message="Skipping Unit Tests on 2.6 as unittest2 may not be available" type="pytest.skip">modules/test_aws_netapp_cvs_snapshots.py:113: &lt;py._xmlgen.raw object at 0x55d5b49b1490&gt;</skipped></testcase><testcase classname="modules.test_aws_netapp_cvs_snapshots.TestMyModule" file="modules/test_aws_netapp_cvs_snapshots.py" line="136" name="test_delete_aws_netapp_cvs_snapshots_pass" time="0.0207378864288"><skipped message="Skipping Unit Tests on 2.6 as unittest2 may not be available" type="pytest.skip">modules/test_aws_netapp_cvs_snapshots.py:136: &lt;py._xmlgen.raw object at 0x55d5b49b1750&gt;</skipped></testcase><testcase classname="modules.test_aws_netapp_cvs_snapshots.TestMyModule" file="modules/test_aws_netapp_cvs_snapshots.py" line="122" name="test_create_aws_netapp_cvs_snapshots_pass" time="0.00703811645508"><skipped message="Skipping Unit Tests on 2.6 as unittest2 may not be available" type="pytest.skip">modules/test_aws_netapp_cvs_snapshots.py:122: &lt;py._xmlgen.raw object at 0x55d5b49b1910&gt;</skipped></testcase></testsuite>