<?xml version="1.0" encoding="utf-8"?><testsuites><testsuite errors="0" failures="0" hostname="6797dc9d9a51" name="pytest" skipped="0" tests="29" time="6.352" timestamp="2022-08-01T23:12:08.342780"><testcase classname="module_utils.test_netapp" file="module_utils/test_netapp.py" line="90" name="test_empty_get" time="0.046" /><testcase classname="module_utils.test_netapp" file="module_utils/test_netapp.py" line="103" name="test_get_data" time="0.076" /><testcase classname="module_utils.test_netapp" file="module_utils/test_netapp.py" line="117" name="test_has_feature_success_default_0" time="0.043" /><testcase classname="module_utils.test_netapp" file="module_utils/test_netapp.py" line="125" name="test_has_feature_success_default_1" time="0.049" /><testcase classname="module_utils.test_netapp" file="module_utils/test_netapp.py" line="133" name="test_has_feature_success_user_true" time="0.031" /><testcase classname="module_utils.test_netapp" file="module_utils/test_netapp.py" line="142" name="test_has_feature_success_user_false" time="0.029" /><testcase classname="module_utils.test_netapp" file="module_utils/test_netapp.py" line="164" name="test_empty_get_sent" time="0.044" /><testcase classname="module_utils.test_netapp" file="module_utils/test_netapp.py" line="152" name="test_has_feature_invalid_key" time="0.029" /><testcase classname="modules.test_aws_netapp_cvs_active_directory.TestMyModule" file="modules/test_aws_netapp_cvs_active_directory.py" line="88" name="test_module_fail_when_required_args_missing" time="0.051" /><testcase classname="module_utils.test_netapp" file="module_utils/test_netapp.py" line="175" name="test_empty_get_sent_bad_json" time="0.044" /><testcase classname="module_utils.test_netapp" file="module_utils/test_netapp.py" line="187" name="test_empty_get_sent_bad_but_empty_json" time="0.041" /><testcase classname="modules.test_aws_netapp_cvs_active_directory.TestMyModule" file="modules/test_aws_netapp_cvs_active_directory.py" line="95" name="test_module_fail_when_required_args_present" time="0.040" /><testcase classname="modules.test_aws_netapp_cvs_active_directory.TestMyModule" file="modules/test_aws_netapp_cvs_active_directory.py" line="103" name="test_create_aws_netapp_cvs_activedir" time="0.074" /><testcase classname="modules.test_aws_netapp_cvs_filesystems.TestMyModule" file="modules/test_aws_netapp_cvs_filesystems.py" line="124" name="test_create_aws_netapp_cvs_snapshots_pass" time="0.087" /><testcase classname="modules.test_aws_netapp_cvs_filesystems.TestMyModule" file="modules/test_aws_netapp_cvs_filesystems.py" line="115" name="test_module_fail_when_required_args_present" time="0.055" /><testcase classname="modules.test_aws_netapp_cvs_filesystems.TestMyModule" file="modules/test_aws_netapp_cvs_filesystems.py" line="139" name="test_delete_aws_netapp_cvs_snapshots_pass" time="0.061" /><testcase classname="modules.test_aws_netapp_cvs_filesystems.TestMyModule" file="modules/test_aws_netapp_cvs_filesystems.py" line="108" name="test_module_fail_when_required_args_missing" time="0.044" /><testcase classname="modules.test_aws_netapp_cvs_pool.TestMyModule" file="modules/test_aws_netapp_cvs_pool.py" line="196" name="test_create_aws_netapp_cvs_pool_fail" time="0.064" /><testcase classname="modules.test_aws_netapp_cvs_pool.TestMyModule" file="modules/test_aws_netapp_cvs_pool.py" line="184" name="test_create_aws_netapp_cvs_pool_pass" time="0.086" /><testcase classname="modules.test_aws_netapp_cvs_pool.TestMyModule" file="modules/test_aws_netapp_cvs_pool.py" line="238" name="test_delete_aws_netapp_cvs_pool_fail" time="0.099" /><testcase classname="modules.test_aws_netapp_cvs_pool.TestMyModule" file="modules/test_aws_netapp_cvs_pool.py" line="126" name="test_module_fail_when_required_args_missing" time="0.028" /><testcase classname="modules.test_aws_netapp_cvs_pool.TestMyModule" file="modules/test_aws_netapp_cvs_pool.py" line="217" name="test_delete_aws_netapp_cvs_pool_pass" time="0.059" /><testcase classname="modules.test_aws_netapp_cvs_pool.TestMyModule" file="modules/test_aws_netapp_cvs_pool.py" line="133" name="test_module_pass_when_required_args_present" time="0.048" /><testcase classname="modules.test_aws_netapp_cvs_pool.TestMyModule" file="modules/test_aws_netapp_cvs_pool.py" line="163" name="test_update_aws_netapp_cvs_pool_fail" time="0.068" /><testcase classname="modules.test_aws_netapp_cvs_pool.TestMyModule" file="modules/test_aws_netapp_cvs_pool.py" line="142" name="test_update_aws_netapp_cvs_pool_pass" time="0.079" /><testcase classname="modules.test_aws_netapp_cvs_snapshots.TestMyModule" file="modules/test_aws_netapp_cvs_snapshots.py" line="122" name="test_create_aws_netapp_cvs_snapshots_pass" time="0.085" /><testcase classname="modules.test_aws_netapp_cvs_snapshots.TestMyModule" file="modules/test_aws_netapp_cvs_snapshots.py" line="136" name="test_delete_aws_netapp_cvs_snapshots_pass" time="0.043" /><testcase classname="modules.test_aws_netapp_cvs_snapshots.TestMyModule" file="modules/test_aws_netapp_cvs_snapshots.py" line="106" name="test_module_fail_when_required_args_missing" time="0.023" /><testcase classname="modules.test_aws_netapp_cvs_snapshots.TestMyModule" file="modules/test_aws_netapp_cvs_snapshots.py" line="113" name="test_module_fail_when_required_args_present" time="0.055" /></testsuite></testsuites>